
Showing logs for build [32mgitops-tx-tx-tutorial-master-wrx5f-3[0m stage [32mfrom-build-pack[0m and container [32mstep-credential-initializer-pp8gc[0m
{"level":"info","ts":1587576106.2952118,"logger":"fallback-logger","caller":"logging/config.go:69","msg":"Fetch GitHub commit ID from kodata failed: open /var/run/ko/refs/heads/0.8.0-ns-support: no such file or directory"}
{"level":"info","ts":1587576106.295561,"logger":"fallback-logger","caller":"creds-init/main.go:40","msg":"Credentials initialized."}

Showing logs for build [32mgitops-tx-tx-tutorial-master-wrx5f-3[0m stage [32mfrom-build-pack[0m and container [32mstep-working-dir-initializer-kg97t[0m
{"level":"info","ts":1587576107.2726967,"logger":"fallback-logger","caller":"logging/config.go:69","msg":"Fetch GitHub commit ID from kodata failed: open /var/run/ko/HEAD: no such file or directory"}
{"level":"info","ts":1587576107.2740483,"logger":"fallback-logger","caller":"bash/main.go:64","msg":"Successfully executed command \"sh -c mkdir -p /workspace/source\"; output "}

Showing logs for build [32mgitops-tx-tx-tutorial-master-wrx5f-3[0m stage [32mfrom-build-pack[0m and container [32mstep-place-tools[0m

Showing logs for build [32mgitops-tx-tx-tutorial-master-wrx5f-3[0m stage [32mfrom-build-pack[0m and container [32mstep-git-source-gitops-tx-tx-tutorial-master-wrx5f-n4zjm[0m
{"level":"info","ts":1587576113.3053114,"logger":"fallback-logger","caller":"logging/config.go:69","msg":"Fetch GitHub commit ID from kodata failed: open /var/run/ko/refs/heads/0.8.0-ns-support: no such file or directory"}
{"level":"info","ts":1587576113.4935186,"logger":"fallback-logger","caller":"git/git.go:103","msg":"Successfully cloned https://github.com/gitops-tx/tx-tutorial.git @ v0.0.3 in path /workspace/source"}

Showing logs for build [32mgitops-tx-tx-tutorial-master-wrx5f-3[0m stage [32mfrom-build-pack[0m and container [32mstep-git-merge[0m
Using SHAs from PULL_REFS=master:efcd885eb2c94dab8a2172ae12521d2d82cd09d1
WARNING: no SHAs to merge, falling back to initial cloned commit

Showing logs for build [32mgitops-tx-tx-tutorial-master-wrx5f-3[0m stage [32mfrom-build-pack[0m and container [32mstep-setup-jx-git-credentials[0m
Generated Git credentials file /workspace/xdg_config/git/credentials

Showing logs for build [32mgitops-tx-tx-tutorial-master-wrx5f-3[0m stage [32mfrom-build-pack[0m and container [32mstep-build-make-build[0m
CGO_ENABLED=0 GO15VENDOREXPERIMENT=1 go build -ldflags '' -o bin/tx-tutorial main.go

Showing logs for build [32mgitops-tx-tx-tutorial-master-wrx5f-3[0m stage [32mfrom-build-pack[0m and container [32mstep-build-container-build[0m
[36mINFO[0m[0000] Resolved base name scratch to scratch        
[36mINFO[0m[0000] Using dockerignore file: /workspace/source/.dockerignore 
[36mINFO[0m[0000] Resolved base name scratch to scratch        
[36mINFO[0m[0000] Built cross stage deps: map[]                
[36mINFO[0m[0000] No base image, nothing to extract            
[36mINFO[0m[0000] cmd: EXPOSE                                  
[36mINFO[0m[0000] Adding exposed port: 8080/tcp                
[36mINFO[0m[0000] Checking for cached layer 661072482170.dkr.ecr.us-east-1.amazonaws.com/todo/cache:fc271fce3338fed572af55e966fe8da74207cdc96a9cc397a6895d82b0362fed... 
[36mINFO[0m[0000] No cached layer found for cmd COPY ./bin/ /  
[36mINFO[0m[0000] Unpacking rootfs as cmd COPY ./bin/ / requires it. 
[36mINFO[0m[0000] Taking snapshot of full filesystem...        
[36mINFO[0m[0000] Resolving paths                              
[36mINFO[0m[0000] EXPOSE 8080                                  
[36mINFO[0m[0000] cmd: EXPOSE                                  
[36mINFO[0m[0000] Adding exposed port: 8080/tcp                
[36mINFO[0m[0000] No files changed in this command, skipping snapshotting. 
[36mINFO[0m[0000] ENTRYPOINT ["/tx-tutorial"]                  
[36mINFO[0m[0000] No files changed in this command, skipping snapshotting. 
[36mINFO[0m[0000] COPY ./bin/ /                                
[36mINFO[0m[0000] Resolving paths                              
[36mINFO[0m[0000] Taking snapshot of files...                  
[36mINFO[0m[0001] Pushing layer 661072482170.dkr.ecr.us-east-1.amazonaws.com/todo/cache:fc271fce3338fed572af55e966fe8da74207cdc96a9cc397a6895d82b0362fed to cache now 
[33mWARN[0m[0001] error uploading layer to cache: failed to push to destination 661072482170.dkr.ecr.us-east-1.amazonaws.com/todo/cache:fc271fce3338fed572af55e966fe8da74207cdc96a9cc397a6895d82b0362fed: NAME_UNKNOWN: The repository with name 'todo/cache' does not exist in the registry with id '661072482170' 

Showing logs for build [32mgitops-tx-tx-tutorial-master-wrx5f-3[0m stage [32mfrom-build-pack[0m and container [32mstep-build-post-build[0m
no CVE provider running in the current ** namespace so skip adding image to be analysed

Showing logs for build [32mgitops-tx-tx-tutorial-master-wrx5f-3[0m stage [32mfrom-build-pack[0m and container [32mstep-promote-changelog[0m
Converted /workspace/source/charts/tx-tutorial to an unshallow repository
Generating change log from git ref 1508087885fb08bbae324c42986ec047a2abfeab => c1b96df8238bd710982dc1e250306928cdda6205
WARNING: No release found for gitops-tx/tx-tutorial and tag v0.0.3 so creating a new release
Updated the release information at https://github.com/gitops-tx/tx-tutorial/releases/tag/v0.0.3
generated: /workspace/source/charts/tx-tutorial/templates/release.yaml
Created Release tx-tutorial-0-0-3 resource in namespace **
Updating PipelineActivity gitops-tx-tx-tutorial-master-3 with version 0.0.3
Updated PipelineActivities gitops-tx-tx-tutorial-master-3 with release notes URL: https://github.com/gitops-tx/tx-tutorial/releases/tag/v0.0.3

Showing logs for build [32mgitops-tx-tx-tutorial-master-wrx5f-3[0m stage [32mfrom-build-pack[0m and container [32mstep-promote-helm-release[0m
WARNING: No $CHART_REPOSITORY defined so using the default value of: http://jenkins-x-chartmuseum:8080
Adding missing Helm repo: storage.googleapis.com https://storage.googleapis.com/chartmuseum.jenkins-x.io
Successfully added Helm repository storage.googleapis.com.
Adding missing Helm repo: jenkins-x-chartmuseum http://jenkins-x-chartmuseum:8080
Successfully added Helm repository jenkins-x-chartmuseum.
WARNING: No $CHART_REPOSITORY defined so using the default value of: http://jenkins-x-chartmuseum:8080
Uploading chart file tx-tutorial-0.0.3.tgz to http://jenkins-x-chartmuseum:8080/api/charts
Received 201 response: {"saved":true}

Showing logs for build [32mgitops-tx-tx-tutorial-master-wrx5f-3[0m stage [32mfrom-build-pack[0m and container [32mstep-promote-jx-promote[0m
WARNING: prow based install so skip waiting for the merge of Pull Requests to go green as currently there is an issue with gettingstatuses from the PR, see https://github.com/jenkins-x/**/issues/2410
WARNING: No $CHART_REPOSITORY defined so using the default value of: http://jenkins-x-chartmuseum:8080
Promoting app tx-tutorial version 0.0.3 to namespace **-staging
WARNING: 
Created Pull Request: https://github.com/gitops-tx/environment-exciting-gopher-1587404348-staging/pull/1
Added label updatebot to Pull Request https://github.com/gitops-tx/environment-exciting-gopher-1587404348-staging/pull/1
got git provider status pending from PR https://github.com/gitops-tx/environment-exciting-gopher-1587404348-staging/pull/1
got git provider status pending from PR https://github.com/gitops-tx/environment-exciting-gopher-1587404348-staging/pull/1
got git provider status pending from PR https://github.com/gitops-tx/environment-exciting-gopher-1587404348-staging/pull/1
Pull Request https://github.com/gitops-tx/environment-exciting-gopher-1587404348-staging/pull/1 is merged at sha 9799b5901a58c3e56eee94b397d9dbff2eaeb3b0
Pull Request merged but we are not waiting for the update pipeline to complete!
WARNING: Could not find the service URL in namespace **-staging for names tx-tutorial, **-tx-tutorial, **-staging-tx-tutorial
