
Showing logs for build [32mgitops-tx-tx-tutorial-master-re-slggq-5[0m stage [32mfrom-build-pack[0m and container [32mstep-credential-initializer-n5h98[0m
{"level":"info","ts":1587578188.061411,"logger":"fallback-logger","caller":"logging/config.go:69","msg":"Fetch GitHub commit ID from kodata failed: open /var/run/ko/refs/heads/0.8.0-ns-support: no such file or directory"}
{"level":"info","ts":1587578188.0620425,"logger":"fallback-logger","caller":"creds-init/main.go:40","msg":"Credentials initialized."}

Showing logs for build [32mgitops-tx-tx-tutorial-master-re-slggq-5[0m stage [32mfrom-build-pack[0m and container [32mstep-working-dir-initializer-5n8kz[0m
{"level":"info","ts":1587578188.4537542,"logger":"fallback-logger","caller":"logging/config.go:69","msg":"Fetch GitHub commit ID from kodata failed: open /var/run/ko/HEAD: no such file or directory"}
{"level":"info","ts":1587578188.4565246,"logger":"fallback-logger","caller":"bash/main.go:64","msg":"Successfully executed command \"sh -c mkdir -p /workspace/source\"; output "}

Showing logs for build [32mgitops-tx-tx-tutorial-master-re-slggq-5[0m stage [32mfrom-build-pack[0m and container [32mstep-place-tools[0m

Showing logs for build [32mgitops-tx-tx-tutorial-master-re-slggq-5[0m stage [32mfrom-build-pack[0m and container [32mstep-git-source-gitops-tx-tx-tutorial-master-re-slggq-x5p96[0m
{"level":"info","ts":1587578194.558302,"logger":"fallback-logger","caller":"logging/config.go:69","msg":"Fetch GitHub commit ID from kodata failed: open /var/run/ko/refs/heads/0.8.0-ns-support: no such file or directory"}
{"level":"info","ts":1587578194.7811291,"logger":"fallback-logger","caller":"git/git.go:103","msg":"Successfully cloned https://github.com/gitops-tx/tx-tutorial.git @ v0.0.5 in path /workspace/source"}

Showing logs for build [32mgitops-tx-tx-tutorial-master-re-slggq-5[0m stage [32mfrom-build-pack[0m and container [32mstep-git-merge[0m
Using SHAs from PULL_REFS=master:f93d91bd510d35d3dac2a9309c14f491a82fc3b5
WARNING: no SHAs to merge, falling back to initial cloned commit

Showing logs for build [32mgitops-tx-tx-tutorial-master-re-slggq-5[0m stage [32mfrom-build-pack[0m and container [32mstep-setup-jx-git-credentials[0m
Generated Git credentials file /workspace/xdg_config/git/credentials

Showing logs for build [32mgitops-tx-tx-tutorial-master-re-slggq-5[0m stage [32mfrom-build-pack[0m and container [32mstep-build-make-build[0m
CGO_ENABLED=0 GO15VENDOREXPERIMENT=1 go build -ldflags '' -o bin/tx-tutorial main.go

Showing logs for build [32mgitops-tx-tx-tutorial-master-re-slggq-5[0m stage [32mfrom-build-pack[0m and container [32mstep-build-container-build[0m
[36mINFO[0m[0000] Resolved base name scratch to scratch        
[36mINFO[0m[0000] Using dockerignore file: /workspace/source/.dockerignore 
[36mINFO[0m[0000] Resolved base name scratch to scratch        
[36mINFO[0m[0000] Built cross stage deps: map[]                
[36mINFO[0m[0000] No base image, nothing to extract            
[36mINFO[0m[0000] cmd: EXPOSE                                  
[36mINFO[0m[0000] Adding exposed port: 8080/tcp                
[36mINFO[0m[0000] Checking for cached layer 661072482170.dkr.ecr.us-east-1.amazonaws.com/todo/cache:df82aacaf6a1418f719e2c50dcc75fead6661aae2058fe93b23e5a8b6c718d29... 
[36mINFO[0m[0000] No cached layer found for cmd COPY ./bin/ /  
[36mINFO[0m[0000] Unpacking rootfs as cmd COPY ./bin/ / requires it. 
[36mINFO[0m[0000] Taking snapshot of full filesystem...        
[36mINFO[0m[0000] Resolving paths                              
[36mINFO[0m[0000] EXPOSE 8080                                  
[36mINFO[0m[0000] cmd: EXPOSE                                  
[36mINFO[0m[0000] Adding exposed port: 8080/tcp                
[36mINFO[0m[0000] No files changed in this command, skipping snapshotting. 
[36mINFO[0m[0000] ENTRYPOINT ["/tx-tutorial"]                  
[36mINFO[0m[0000] No files changed in this command, skipping snapshotting. 
[36mINFO[0m[0000] COPY ./bin/ /                                
[36mINFO[0m[0000] Resolving paths                              
[36mINFO[0m[0000] Taking snapshot of files...                  
[36mINFO[0m[0000] Pushing layer 661072482170.dkr.ecr.us-east-1.amazonaws.com/todo/cache:df82aacaf6a1418f719e2c50dcc75fead6661aae2058fe93b23e5a8b6c718d29 to cache now 
[33mWARN[0m[0001] error uploading layer to cache: failed to push to destination 661072482170.dkr.ecr.us-east-1.amazonaws.com/todo/cache:df82aacaf6a1418f719e2c50dcc75fead6661aae2058fe93b23e5a8b6c718d29: NAME_UNKNOWN: The repository with name 'todo/cache' does not exist in the registry with id '661072482170' 

Showing logs for build [32mgitops-tx-tx-tutorial-master-re-slggq-5[0m stage [32mfrom-build-pack[0m and container [32mstep-build-post-build[0m
no CVE provider running in the current ** namespace so skip adding image to be analysed

Showing logs for build [32mgitops-tx-tx-tutorial-master-re-slggq-5[0m stage [32mfrom-build-pack[0m and container [32mstep-promote-changelog[0m
Converted /workspace/source/charts/tx-tutorial to an unshallow repository
Generating change log from git ref 28c3db7058ee2e4956a28b2cb308a07418a84e04 => b42a795d555f7d6736c829eda6409d2e1dc3c5e7
Associating user ragurakesh in users.jenkins.io with email ragu.rakesh@gmail.com to git GitProvider user with login -0 as emails match
Adding label jenkins.io/git-github-userid=-0 to user ragurakesh in users.jenkins.io
WARNING: Failed to enrich commit 5ba8a458e1d71bc0f3ab1004bd118d39f4d9ec28 with issues: User.jenkins.io "ragurakesh" is invalid: metadata.labels: Invalid value: "-0": a valid label must be an empty string or consist of alphanumeric characters, '-', '_' or '.', and must start and end with an alphanumeric character (e.g. 'MyValue',  or 'my_value',  or '12345', regex used for validation is '(([A-Za-z0-9][-A-Za-z0-9_.]*)?[A-Za-z0-9])?')
Associating user x-0 in users.jenkins.io with email noreply@github.com to git GitProvider user with login -0 as emails match
Adding label jenkins.io/git-github-userid=-0 to user x-0 in users.jenkins.io
WARNING: Failed to enrich commit 5ba8a458e1d71bc0f3ab1004bd118d39f4d9ec28 with issues: User.jenkins.io "x-0" is invalid: metadata.labels: Invalid value: "-0": a valid label must be an empty string or consist of alphanumeric characters, '-', '_' or '.', and must start and end with an alphanumeric character (e.g. 'MyValue',  or 'my_value',  or '12345', regex used for validation is '(([A-Za-z0-9][-A-Za-z0-9_.]*)?[A-Za-z0-9])?')
Finding issues in commit messages using git format
WARNING: No release found for gitops-tx/tx-tutorial and tag v0.0.5 so creating a new release
Updated the release information at https://github.com/gitops-tx/tx-tutorial/releases/tag/v0.0.5
generated: /workspace/source/charts/tx-tutorial/templates/release.yaml
Created Release tx-tutorial-0-0-5 resource in namespace **
Updating PipelineActivity gitops-tx-tx-tutorial-master-5 with version 0.0.5
Updated PipelineActivities gitops-tx-tx-tutorial-master-5 with release notes URL: https://github.com/gitops-tx/tx-tutorial/releases/tag/v0.0.5

Showing logs for build [32mgitops-tx-tx-tutorial-master-re-slggq-5[0m stage [32mfrom-build-pack[0m and container [32mstep-promote-helm-release[0m
WARNING: No $CHART_REPOSITORY defined so using the default value of: http://jenkins-x-chartmuseum:8080
Adding missing Helm repo: storage.googleapis.com https://storage.googleapis.com/chartmuseum.jenkins-x.io
Successfully added Helm repository storage.googleapis.com.
Adding missing Helm repo: jenkins-x-chartmuseum http://jenkins-x-chartmuseum:8080
Successfully added Helm repository jenkins-x-chartmuseum.
WARNING: No $CHART_REPOSITORY defined so using the default value of: http://jenkins-x-chartmuseum:8080
Uploading chart file tx-tutorial-0.0.5.tgz to http://jenkins-x-chartmuseum:8080/api/charts
Received 201 response: {"saved":true}

Showing logs for build [32mgitops-tx-tx-tutorial-master-re-slggq-5[0m stage [32mfrom-build-pack[0m and container [32mstep-promote-jx-promote[0m
WARNING: prow based install so skip waiting for the merge of Pull Requests to go green as currently there is an issue with gettingstatuses from the PR, see https://github.com/jenkins-x/**/issues/2410
WARNING: No $CHART_REPOSITORY defined so using the default value of: http://jenkins-x-chartmuseum:8080
Promoting app tx-tutorial version 0.0.5 to namespace **-staging
WARNING: 
Created Pull Request: https://github.com/gitops-tx/environment-exciting-gopher-1587404348-staging/pull/3
Added label updatebot to Pull Request https://github.com/gitops-tx/environment-exciting-gopher-1587404348-staging/pull/3
got git provider status pending from PR https://github.com/gitops-tx/environment-exciting-gopher-1587404348-staging/pull/3
got git provider status pending from PR https://github.com/gitops-tx/environment-exciting-gopher-1587404348-staging/pull/3
got git provider status pending from PR https://github.com/gitops-tx/environment-exciting-gopher-1587404348-staging/pull/3
Pull Request https://github.com/gitops-tx/environment-exciting-gopher-1587404348-staging/pull/3 is merged at sha d721f94e424248cc5244964b64c12e51e79c38b2
Pull Request merged but we are not waiting for the update pipeline to complete!
