
Showing logs for build [32mgitops-tx-tx-tutorial-pr-1-pr-b-r8gpb-2[0m stage [32mfrom-build-pack[0m and container [32mstep-credential-initializer-jx8pv[0m
{"level":"info","ts":1587578061.6005383,"logger":"fallback-logger","caller":"logging/config.go:69","msg":"Fetch GitHub commit ID from kodata failed: open /var/run/ko/refs/heads/0.8.0-ns-support: no such file or directory"}
{"level":"info","ts":1587578061.6010613,"logger":"fallback-logger","caller":"creds-init/main.go:40","msg":"Credentials initialized."}

Showing logs for build [32mgitops-tx-tx-tutorial-pr-1-pr-b-r8gpb-2[0m stage [32mfrom-build-pack[0m and container [32mstep-working-dir-initializer-2xt2g[0m
{"level":"info","ts":1587578062.0590763,"logger":"fallback-logger","caller":"logging/config.go:69","msg":"Fetch GitHub commit ID from kodata failed: open /var/run/ko/HEAD: no such file or directory"}
{"level":"info","ts":1587578062.0631225,"logger":"fallback-logger","caller":"bash/main.go:64","msg":"Successfully executed command \"sh -c mkdir -p /workspace/source\"; output "}

Showing logs for build [32mgitops-tx-tx-tutorial-pr-1-pr-b-r8gpb-2[0m stage [32mfrom-build-pack[0m and container [32mstep-place-tools[0m

Showing logs for build [32mgitops-tx-tx-tutorial-pr-1-pr-b-r8gpb-2[0m stage [32mfrom-build-pack[0m and container [32mstep-git-source-gitops-tx-tx-tutorial-pr-1-pr-b-r8gpb-7jb79[0m
{"level":"info","ts":1587578068.2243822,"logger":"fallback-logger","caller":"logging/config.go:69","msg":"Fetch GitHub commit ID from kodata failed: open /var/run/ko/refs/heads/0.8.0-ns-support: no such file or directory"}
{"level":"info","ts":1587578068.4254608,"logger":"fallback-logger","caller":"git/git.go:103","msg":"Successfully cloned https://github.com/gitops-tx/tx-tutorial.git @ master in path /workspace/source"}

Showing logs for build [32mgitops-tx-tx-tutorial-pr-1-pr-b-r8gpb-2[0m stage [32mfrom-build-pack[0m and container [32mstep-git-merge[0m
Using SHAs from PULL_REFS=master:453c9452102daf71cc412923175d08fbda686601,1:5ba8a458e1d71bc0f3ab1004bd118d39f4d9ec28
DEBUG: LC_ALL=C JX_LOG_LEVEL=error git fetch origin --unshallow 5ba8a458e1d71bc0f3ab1004bd118d39f4d9ec28: 453c9452102daf71cc412923175d08fbda686601:
DEBUG: ran git fetch --unshallow origin 5ba8a458e1d71bc0f3ab1004bd118d39f4d9ec28: 453c9452102daf71cc412923175d08fbda686601: in 
DEBUG: LC_ALL=C JX_LOG_LEVEL=error git branch
DEBUG: JX_LOG_LEVEL=error LC_ALL=C git checkout master
DEBUG: ran git checkout master in 
DEBUG: JX_LOG_LEVEL=error LC_ALL=C git reset --hard 453c9452102daf71cc412923175d08fbda686601
DEBUG: ran git reset --hard 453c9452102daf71cc412923175d08fbda686601 in 
DEBUG: LC_ALL=C JX_LOG_LEVEL=error git clean -fd .
DEBUG: ran clean --force -d . in 
DEBUG: JX_LOG_LEVEL=error LC_ALL=C git merge 5ba8a458e1d71bc0f3ab1004bd118d39f4d9ec28
DEBUG: ran git merge 5ba8a458e1d71bc0f3ab1004bd118d39f4d9ec28 in 
DEBUG: LC_ALL=C JX_LOG_LEVEL=error git log --format=%H%x1f%an%x1f%ae%x1f%cn%x1f%ce%x1f%s%n%b%x1e 453c9452102daf71cc412923175d08fbda686601..HEAD
Merged SHA 568de820b01f7ac05e04d6631c011dc8e9816b9d with commit message 'Merge commit '5ba8a458e1d71bc0f3ab1004bd118d39f4d9ec28'' into base branch master
Merged SHA 5ba8a458e1d71bc0f3ab1004bd118d39f4d9ec28 with commit message 'Update main.go' into base branch master

Showing logs for build [32mgitops-tx-tx-tutorial-pr-1-pr-b-r8gpb-2[0m stage [32mfrom-build-pack[0m and container [32mstep-build-make-linux[0m
CGO_ENABLED=0 GOOS=linux GOARCH=amd64 GO15VENDOREXPERIMENT=1 go build -ldflags '' -o bin/tx-tutorial main.go

Showing logs for build [32mgitops-tx-tx-tutorial-pr-1-pr-b-r8gpb-2[0m stage [32mfrom-build-pack[0m and container [32mstep-build-container-build[0m
[36mINFO[0m[0000] Resolved base name scratch to scratch        
[36mINFO[0m[0000] Using dockerignore file: /workspace/source/.dockerignore 
[36mINFO[0m[0000] Resolved base name scratch to scratch        
[36mINFO[0m[0000] Built cross stage deps: map[]                
[36mINFO[0m[0000] No base image, nothing to extract            
[36mINFO[0m[0000] cmd: EXPOSE                                  
[36mINFO[0m[0000] Adding exposed port: 8080/tcp                
[36mINFO[0m[0000] Checking for cached layer 661072482170.dkr.ecr.us-east-1.amazonaws.com/todo/cache:df82aacaf6a1418f719e2c50dcc75fead6661aae2058fe93b23e5a8b6c718d29... 
[36mINFO[0m[0000] No cached layer found for cmd COPY ./bin/ /  
[36mINFO[0m[0000] Unpacking rootfs as cmd COPY ./bin/ / requires it. 
[36mINFO[0m[0000] Taking snapshot of full filesystem...        
[36mINFO[0m[0000] Resolving paths                              
[36mINFO[0m[0000] EXPOSE 8080                                  
[36mINFO[0m[0000] cmd: EXPOSE                                  
[36mINFO[0m[0000] Adding exposed port: 8080/tcp                
[36mINFO[0m[0000] No files changed in this command, skipping snapshotting. 
[36mINFO[0m[0000] ENTRYPOINT ["/tx-tutorial"]                  
[36mINFO[0m[0000] No files changed in this command, skipping snapshotting. 
[36mINFO[0m[0000] COPY ./bin/ /                                
[36mINFO[0m[0000] Resolving paths                              
[36mINFO[0m[0000] Taking snapshot of files...                  
[36mINFO[0m[0001] Pushing layer 661072482170.dkr.ecr.us-east-1.amazonaws.com/todo/cache:df82aacaf6a1418f719e2c50dcc75fead6661aae2058fe93b23e5a8b6c718d29 to cache now 
[33mWARN[0m[0001] error uploading layer to cache: failed to push to destination 661072482170.dkr.ecr.us-east-1.amazonaws.com/todo/cache:df82aacaf6a1418f719e2c50dcc75fead6661aae2058fe93b23e5a8b6c718d29: NAME_UNKNOWN: The repository with name 'todo/cache' does not exist in the registry with id '661072482170' 

Showing logs for build [32mgitops-tx-tx-tutorial-pr-1-pr-b-r8gpb-2[0m stage [32mfrom-build-pack[0m and container [32mstep-postbuild-post-build[0m
no CVE provider running in the current ** namespace so skip adding image to be analysed

Showing logs for build [32mgitops-tx-tx-tutorial-pr-1-pr-b-r8gpb-2[0m stage [32mfrom-build-pack[0m and container [32mstep-promote-make-preview[0m
sed -i -e "s/version:.*/version: 0.0.0-SNAPSHOT-PR-1-2/" Chart.yaml
sed -i -e "s/version:.*/version: 0.0.0-SNAPSHOT-PR-1-2/" ../*/Chart.yaml
sed -i -e "s|repository:.*|repository: 661072482170.dkr.ecr.us-east-1.amazonaws.com\/gitops-tx\/tx-tutorial|" values.yaml
sed -i -e "s/tag:.*/tag: 0.0.0-SNAPSHOT-PR-1-2/" values.yaml
echo "  version: 0.0.0-SNAPSHOT-PR-1-2" >> requirements.yaml
** step helm build
WARNING: No $CHART_REPOSITORY defined so using the default value of: http://jenkins-x-chartmuseum:8080
Adding missing Helm repo: storage.googleapis.com https://storage.googleapis.com/chartmuseum.jenkins-x.io
Successfully added Helm repository storage.googleapis.com.
Adding missing Helm repo: jenkins-x-chartmuseum http://jenkins-x-chartmuseum:8080
Successfully added Helm repository jenkins-x-chartmuseum.
WARNING: No $CHART_REPOSITORY defined so using the default value of: http://jenkins-x-chartmuseum:8080
Adding missing Helm repo: chartmuseum.jenkins-x.io http://chartmuseum.jenkins-x.io
Successfully added Helm repository chartmuseum.jenkins-x.io.

Showing logs for build [32mgitops-tx-tx-tutorial-pr-1-pr-b-r8gpb-2[0m stage [32mfrom-build-pack[0m and container [32mstep-promote-jx-preview[0m
Creating a preview
Found commit author match for: ragurakesh with email address: ragu.rakesh@gmail.com
expose:
  Annotations:
    helm.sh/hook: post-install,post-upgrade
    helm.sh/hook-delete-policy: hook-succeeded
  config:
    domain: 54.164.14.160.nip.io
    exposer: Ingress
    http: "true"
preview:
  image:
    repository: 661072482170.dkr.ecr.us-east-1.amazonaws.com/gitops-tx/tx-tutorial
    tag: 0.0.0-SNAPSHOT-PR-1-2

Updating PipelineActivities gitops-tx-tx-tutorial-pr-1-2 which has status Running
Preview application is now available at: http://tx-tutorial.**-gitops-tx-tx-tutorial-pr-1.54.164.14.160.nip.io
